Release 14.7 - xst P.20160913 (lin64)
Copyright (c) 1995-2013 Xilinx, Inc.  All rights reserved.
--> 
Parameter TMPDIR set to xst/projnav.tmp


Total REAL time to Xst completion: 0.00 secs
Total CPU time to Xst completion: 0.04 secs
 
--> 
Parameter xsthdpdir set to xst


Total REAL time to Xst completion: 0.00 secs
Total CPU time to Xst completion: 0.04 secs
 
--> 
Reading design: shifter_interface.prj

TABLE OF CONTENTS
  1) Synthesis Options Summary
  2) HDL Parsing
  3) HDL Elaboration
  4) HDL Synthesis
       4.1) HDL Synthesis Report
  5) Advanced HDL Synthesis
       5.1) Advanced HDL Synthesis Report
  6) Low Level Synthesis
  7) Partition Report
  8) Design Summary
       8.1) Primitive and Black Box Usage
       8.2) Device utilization summary
       8.3) Partition Resource Summary
       8.4) Timing Report
            8.4.1) Clock Information
            8.4.2) Asynchronous Control Signals Information
            8.4.3) Timing Summary
            8.4.4) Timing Details
            8.4.5) Cross Clock Domains Report


=========================================================================
*                      Synthesis Options Summary                        *
=========================================================================
---- Source Parameters
Input File Name                    : "shifter_interface.prj"
Ignore Synthesis Constraint File   : NO

---- Target Parameters
Output File Name                   : "shifter_interface"
Output Format                      : NGC
Target Device                      : xc6slx9-2-tqg144

---- Source Options
Top Module Name                    : shifter_interface
Automatic FSM Extraction           : YES
FSM Encoding Algorithm             : Auto
Safe Implementation                : No
FSM Style                          : LUT
RAM Extraction                     : Yes
RAM Style                          : Auto
ROM Extraction                     : Yes
Shift Register Extraction          : YES
ROM Style                          : Auto
Resource Sharing                   : YES
Asynchronous To Synchronous        : NO
Shift Register Minimum Size        : 2
Use DSP Block                      : Auto
Automatic Register Balancing       : No

---- Target Options
LUT Combining                      : Auto
Reduce Control Sets                : Auto
Add IO Buffers                     : YES
Global Maximum Fanout              : 100000
Add Generic Clock Buffer(BUFG)     : 16
Register Duplication               : YES
Optimize Instantiated Primitives   : NO
Use Clock Enable                   : Auto
Use Synchronous Set                : Auto
Use Synchronous Reset              : Auto
Pack IO Registers into IOBs        : Auto
Equivalent register Removal        : YES

---- General Options
Optimization Goal                  : Speed
Optimization Effort                : 1
Power Reduction                    : NO
Keep Hierarchy                     : No
Netlist Hierarchy                  : As_Optimized
RTL Output                         : Yes
Global Optimization                : AllClockNets
Read Cores                         : YES
Write Timing Constraints           : NO
Cross Clock Analysis               : NO
Hierarchy Separator                : /
Bus Delimiter                      : <>
Case Specifier                     : Maintain
Slice Utilization Ratio            : 100
BRAM Utilization Ratio             : 100
DSP48 Utilization Ratio            : 100
Auto BRAM Packing                  : NO
Slice Utilization Ratio Delta      : 5

=========================================================================


=========================================================================
*                          HDL Parsing                                  *
=========================================================================
Analyzing Verilog file "/home/ise/ISE_PROJECTS/multi_barrel_shifter/right_barrel_shifter.v" into library work
Parsing module <right_barrel_shifter>.
Analyzing Verilog file "/home/ise/ISE_PROJECTS/multi_barrel_shifter/left_barrel_shifter.v" into library work
Parsing module <left_barrel_shifter>.
Analyzing Verilog file "/home/ise/ISE_PROJECTS/multi_barrel_shifter/multi_barrel_shifter.v" into library work
Parsing module <multi_barrel_shifter>.
Analyzing Verilog file "/home/ise/ISE_PROJECTS/multi_barrel_shifter/list_ch04_13_disp_mux.v" into library work
Parsing module <disp_mux>.
Analyzing Verilog file "/home/ise/ISE_PROJECTS/multi_barrel_shifter/hex_to_sseg.v" into library work
Parsing module <hex_to_sseg>.
Analyzing Verilog file "/home/ise/ISE_PROJECTS/multi_barrel_shifter/shifter_interface.v" into library work
Parsing module <shifter_interface>.

=========================================================================
*                            HDL Elaboration                            *
=========================================================================

Elaborating module <shifter_interface>.

Elaborating module <multi_barrel_shifter>.

Elaborating module <left_barrel_shifter>.

Elaborating module <right_barrel_shifter>.

Elaborating module <hex_to_sseg>.

Elaborating module <disp_mux>.
WARNING:HDLCompiler:413 - "/home/ise/ISE_PROJECTS/multi_barrel_shifter/list_ch04_13_disp_mux.v" Line 27: Result of 19-bit expression is truncated to fit in 18-bit target.

=========================================================================
*                           HDL Synthesis                               *
=========================================================================

Synthesizing Unit <shifter_interface>.
    Related source file is "/home/ise/ISE_PROJECTS/multi_barrel_shifter/shifter_interface.v".
    Summary:
	no macro.
Unit <shifter_interface> synthesized.

Synthesizing Unit <multi_barrel_shifter>.
    Related source file is "/home/ise/ISE_PROJECTS/multi_barrel_shifter/multi_barrel_shifter.v".
    Summary:
	inferred   1 Multiplexer(s).
Unit <multi_barrel_shifter> synthesized.

Synthesizing Unit <left_barrel_shifter>.
    Related source file is "/home/ise/ISE_PROJECTS/multi_barrel_shifter/left_barrel_shifter.v".
    Summary:
	inferred   3 Multiplexer(s).
Unit <left_barrel_shifter> synthesized.

Synthesizing Unit <right_barrel_shifter>.
    Related source file is "/home/ise/ISE_PROJECTS/multi_barrel_shifter/right_barrel_shifter.v".
    Summary:
	inferred   3 Multiplexer(s).
Unit <right_barrel_shifter> synthesized.

Synthesizing Unit <hex_to_sseg>.
    Related source file is "/home/ise/ISE_PROJECTS/multi_barrel_shifter/hex_to_sseg.v".
    Found 16x7-bit Read Only RAM for signal <_n0026[0:6]>
    Summary:
	inferred   1 RAM(s).
Unit <hex_to_sseg> synthesized.

Synthesizing Unit <disp_mux>.
    Related source file is "/home/ise/ISE_PROJECTS/multi_barrel_shifter/list_ch04_13_disp_mux.v".
    Found 18-bit register for signal <q_reg>.
    Found 18-bit adder for signal <q_next> created at line 27.
    Found 4x4-bit Read Only RAM for signal <an>
    Found 8-bit 4-to-1 multiplexer for signal <sseg> created at line 32.
    Summary:
	inferred   1 RAM(s).
	inferred   1 Adder/Subtractor(s).
	inferred  18 D-type flip-flop(s).
	inferred   1 Multiplexer(s).
Unit <disp_mux> synthesized.

=========================================================================
HDL Synthesis Report

Macro Statistics
# RAMs                                                 : 5
 16x7-bit single-port Read Only RAM                    : 4
 4x4-bit single-port Read Only RAM                     : 1
# Adders/Subtractors                                   : 1
 18-bit adder                                          : 1
# Registers                                            : 1
 18-bit register                                       : 1
# Multiplexers                                         : 8
 8-bit 2-to-1 multiplexer                              : 7
 8-bit 4-to-1 multiplexer                              : 1

=========================================================================

=========================================================================
*                       Advanced HDL Synthesis                          *
=========================================================================


Synthesizing (advanced) Unit <disp_mux>.
The following registers are absorbed into counter <q_reg>: 1 register on signal <q_reg>.
INFO:Xst:3218 - HDL ADVISOR - The RAM <Mram_an> will be implemented on LUTs either because you have described an asynchronous read or because of currently unsupported block RAM features. If you have described an asynchronous read, making it synchronous would allow you to take advantage of available block RAM resources, for optimized device usage and improved timings. Please refer to your documentation for coding guidelines.
    -----------------------------------------------------------------------
    | ram_type           | Distributed                         |          |
    -----------------------------------------------------------------------
    | Port A                                                              |
    |     aspect ratio   | 4-word x 4-bit                      |          |
    |     weA            | connected to signal <GND>           | high     |
    |     addrA          | connected to signal <q_reg>         |          |
    |     diA            | connected to signal <GND>           |          |
    |     doA            | connected to signal <an>            |          |
    -----------------------------------------------------------------------
Unit <disp_mux> synthesized (advanced).

Synthesizing (advanced) Unit <hex_to_sseg>.
INFO:Xst:3218 - HDL ADVISOR - The RAM <Mram__n0026[0:6]> will be implemented on LUTs either because you have described an asynchronous read or because of currently unsupported block RAM features. If you have described an asynchronous read, making it synchronous would allow you to take advantage of available block RAM resources, for optimized device usage and improved timings. Please refer to your documentation for coding guidelines.
    -----------------------------------------------------------------------
    | ram_type           | Distributed                         |          |
    -----------------------------------------------------------------------
    | Port A                                                              |
    |     aspect ratio   | 16-word x 7-bit                     |          |
    |     weA            | connected to signal <GND>           | high     |
    |     addrA          | connected to signal <hex>           |          |
    |     diA            | connected to signal <GND>           |          |
    |     doA            | connected to internal node          |          |
    -----------------------------------------------------------------------
Unit <hex_to_sseg> synthesized (advanced).

=========================================================================
Advanced HDL Synthesis Report

Macro Statistics
# RAMs                                                 : 5
 16x7-bit single-port distributed Read Only RAM        : 4
 4x4-bit single-port distributed Read Only RAM         : 1
# Counters                                             : 1
 18-bit up counter                                     : 1
# Multiplexers                                         : 8
 8-bit 2-to-1 multiplexer                              : 7
 8-bit 4-to-1 multiplexer                              : 1

=========================================================================

=========================================================================
*                         Low Level Synthesis                           *
=========================================================================

Optimizing unit <shifter_interface> ...

Mapping all equations...
Building and optimizing final netlist ...
Found area constraint ratio of 100 (+ 5) on block shifter_interface, actual ratio is 1.

Final Macro Processing ...

=========================================================================
Final Register Report

Macro Statistics
# Registers                                            : 18
 Flip-Flops                                            : 18

=========================================================================

=========================================================================
*                           Partition Report                            *
=========================================================================

Partition Implementation Status
-------------------------------

  No Partitions were found in this design.

-------------------------------

=========================================================================
*                            Design Summary                             *
=========================================================================

Top Level Output File Name         : shifter_interface.ngc

Primitive and Black Box Usage:
------------------------------
# BELS                             : 94
#      GND                         : 1
#      INV                         : 1
#      LUT1                        : 17
#      LUT2                        : 4
#      LUT3                        : 1
#      LUT5                        : 14
#      LUT6                        : 18
#      MUXCY                       : 17
#      MUXF7                       : 2
#      VCC                         : 1
#      XORCY                       : 18
# FlipFlops/Latches                : 18
#      FD                          : 18
# Clock Buffers                    : 1
#      BUFGP                       : 1
# IO Buffers                       : 23
#      IBUF                        : 11
#      OBUF                        : 12

Device utilization summary:
---------------------------

Selected Device : 6slx9tqg144-2 


Slice Logic Utilization: 
 Number of Slice Registers:              18  out of  11440     0%  
 Number of Slice LUTs:                   55  out of   5720     0%  
    Number used as Logic:                55  out of   5720     0%  

Slice Logic Distribution: 
 Number of LUT Flip Flop pairs used:     55
   Number with an unused Flip Flop:      37  out of     55    67%  
   Number with an unused LUT:             0  out of     55     0%  
   Number of fully used LUT-FF pairs:    18  out of     55    32%  
   Number of unique control sets:         1

IO Utilization: 
 Number of IOs:                          24
 Number of bonded IOBs:                  24  out of    102    23%  

Specific Feature Utilization:
 Number of BUFG/BUFGCTRLs:                1  out of     16     6%  

---------------------------
Partition Resource Summary:
---------------------------

  No Partitions were found in this design.

---------------------------


=========================================================================
Timing Report

NOTE: THESE TIMING NUMBERS ARE ONLY A SYNTHESIS ESTIMATE.
      FOR ACCURATE TIMING INFORMATION PLEASE REFER TO THE TRACE REPORT
      GENERATED AFTER PLACE-and-ROUTE.

Clock Information:
------------------
-----------------------------------+------------------------+-------+
Clock Signal                       | Clock buffer(FF name)  | Load  |
-----------------------------------+------------------------+-------+
clk                                | BUFGP                  | 18    |
-----------------------------------+------------------------+-------+

Asynchronous Control Signals Information:
----------------------------------------
No asynchronous control signals found in this design

Timing Summary:
---------------
Speed Grade: -2

   Minimum period: 2.328ns (Maximum Frequency: 429.553MHz)
   Minimum input arrival time before clock: No path found
   Maximum output required time after clock: 6.984ns
   Maximum combinational path delay: 10.486ns

Timing Details:
---------------
All values displayed in nanoseconds (ns)

=========================================================================
Timing constraint: Default period analysis for Clock 'clk'
  Clock period: 2.328ns (frequency: 429.553MHz)
  Total number of paths / destination ports: 171 / 18
-------------------------------------------------------------------------
Delay:               2.328ns (Levels of Logic = 19)
  Source:            dmux/q_reg_0 (FF)
  Destination:       dmux/q_reg_17 (FF)
  Source Clock:      clk rising
  Destination Clock: clk rising

  Data Path: dmux/q_reg_0 to dmux/q_reg_17
                                Gate     Net
    Cell:in->out      fanout   Delay   Delay  Logical Name (Net Name)
    ----------------------------------------  ------------
     FD:C->Q               1   0.525   0.681  dmux/q_reg_0 (dmux/q_reg_0)
     INV:I->O              1   0.255   0.000  dmux/Mcount_q_reg_lut<0>_INV_0 (dmux/Mcount_q_reg_lut<0>)
     MUXCY:S->O            1   0.215   0.000  dmux/Mcount_q_reg_cy<0> (dmux/Mcount_q_reg_cy<0>)
     MUXCY:CI->O           1   0.023   0.000  dmux/Mcount_q_reg_cy<1> (dmux/Mcount_q_reg_cy<1>)
     MUXCY:CI->O           1   0.023   0.000  dmux/Mcount_q_reg_cy<2> (dmux/Mcount_q_reg_cy<2>)
     MUXCY:CI->O           1   0.023   0.000  dmux/Mcount_q_reg_cy<3> (dmux/Mcount_q_reg_cy<3>)
     MUXCY:CI->O           1   0.023   0.000  dmux/Mcount_q_reg_cy<4> (dmux/Mcount_q_reg_cy<4>)
     MUXCY:CI->O           1   0.023   0.000  dmux/Mcount_q_reg_cy<5> (dmux/Mcount_q_reg_cy<5>)
     MUXCY:CI->O           1   0.023   0.000  dmux/Mcount_q_reg_cy<6> (dmux/Mcount_q_reg_cy<6>)
     MUXCY:CI->O           1   0.023   0.000  dmux/Mcount_q_reg_cy<7> (dmux/Mcount_q_reg_cy<7>)
     MUXCY:CI->O           1   0.023   0.000  dmux/Mcount_q_reg_cy<8> (dmux/Mcount_q_reg_cy<8>)
     MUXCY:CI->O           1   0.023   0.000  dmux/Mcount_q_reg_cy<9> (dmux/Mcount_q_reg_cy<9>)
     MUXCY:CI->O           1   0.023   0.000  dmux/Mcount_q_reg_cy<10> (dmux/Mcount_q_reg_cy<10>)
     MUXCY:CI->O           1   0.023   0.000  dmux/Mcount_q_reg_cy<11> (dmux/Mcount_q_reg_cy<11>)
     MUXCY:CI->O           1   0.023   0.000  dmux/Mcount_q_reg_cy<12> (dmux/Mcount_q_reg_cy<12>)
     MUXCY:CI->O           1   0.023   0.000  dmux/Mcount_q_reg_cy<13> (dmux/Mcount_q_reg_cy<13>)
     MUXCY:CI->O           1   0.023   0.000  dmux/Mcount_q_reg_cy<14> (dmux/Mcount_q_reg_cy<14>)
     MUXCY:CI->O           1   0.023   0.000  dmux/Mcount_q_reg_cy<15> (dmux/Mcount_q_reg_cy<15>)
     MUXCY:CI->O           0   0.023   0.000  dmux/Mcount_q_reg_cy<16> (dmux/Mcount_q_reg_cy<16>)
     XORCY:CI->O           1   0.206   0.000  dmux/Mcount_q_reg_xor<17> (Result<17>)
     FD:D                      0.074          dmux/q_reg_17
    ----------------------------------------
    Total                      2.328ns (1.647ns logic, 0.681ns route)
                                       (70.7% logic, 29.3% route)

=========================================================================
Timing constraint: Default OFFSET OUT AFTER for Clock 'clk'
  Total number of paths / destination ports: 24 / 10
-------------------------------------------------------------------------
Offset:              6.984ns (Levels of Logic = 3)
  Source:            dmux/q_reg_17 (FF)
  Destination:       sseg<6> (PAD)
  Source Clock:      clk rising

  Data Path: dmux/q_reg_17 to sseg<6>
                                Gate     Net
    Cell:in->out      fanout   Delay   Delay  Logical Name (Net Name)
    ----------------------------------------  ------------
     FD:C->Q              13   0.525   1.528  dmux/q_reg_17 (dmux/q_reg_17)
     LUT5:I0->O            1   0.254   0.790  sseg<6>2 (sseg<6>2)
     LUT3:I1->O            2   0.250   0.725  sseg<6>3 (sseg_6_OBUF)
     OBUF:I->O                 2.912          sseg_6_OBUF (sseg<6>)
    ----------------------------------------
    Total                      6.984ns (3.941ns logic, 3.043ns route)
                                       (56.4% logic, 43.6% route)

=========================================================================
Timing constraint: Default path analysis
  Total number of paths / destination ports: 960 / 6
-------------------------------------------------------------------------
Delay:               10.486ns (Levels of Logic = 6)
  Source:            btn<1> (PAD)
  Destination:       sseg<6> (PAD)

  Data Path: btn<1> to sseg<6>
                                Gate     Net
    Cell:in->out      fanout   Delay   Delay  Logical Name (Net Name)
    ----------------------------------------  ------------
     IBUF:I->O            16   1.328   1.637  btn_1_IBUF (btn_1_IBUF)
     LUT6:I0->O            2   0.254   1.002  btn<1>91 (btn<1>_mmx_out3)
     LUT6:I2->O            4   0.254   1.080  mbshift/Mmux_out51 (shifted<1>)
     LUT5:I1->O            1   0.254   0.790  sseg<6>2 (sseg<6>2)
     LUT3:I1->O            2   0.250   0.725  sseg<6>3 (sseg_6_OBUF)
     OBUF:I->O                 2.912          sseg_6_OBUF (sseg<6>)
    ----------------------------------------
    Total                     10.486ns (5.252ns logic, 5.234ns route)
                                       (50.1% logic, 49.9% route)

=========================================================================

Cross Clock Domains Report:
--------------------------

Clock to Setup on destination clock clk
---------------+---------+---------+---------+---------+
               | Src:Rise| Src:Fall| Src:Rise| Src:Fall|
Source Clock   |Dest:Rise|Dest:Rise|Dest:Fall|Dest:Fall|
---------------+---------+---------+---------+---------+
clk            |    2.328|         |         |         |
---------------+---------+---------+---------+---------+

=========================================================================


Total REAL time to Xst completion: 13.00 secs
Total CPU time to Xst completion: 11.96 secs
 
--> 


Total memory usage is 384100 kilobytes

Number of errors   :    0 (   0 filtered)
Number of warnings :    1 (   0 filtered)
Number of infos    :    2 (   0 filtered)

