Release 14.7 - xst P.20160913 (lin64)
Copyright (c) 1995-2013 Xilinx, Inc.  All rights reserved.
--> 
Parameter TMPDIR set to xst/projnav.tmp


Total REAL time to Xst completion: 0.00 secs
Total CPU time to Xst completion: 0.04 secs
 
--> 
Parameter xsthdpdir set to xst


Total REAL time to Xst completion: 0.00 secs
Total CPU time to Xst completion: 0.04 secs
 
--> 
Reading design: kb_monitor.prj

TABLE OF CONTENTS
  1) Synthesis Options Summary
  2) HDL Parsing
  3) HDL Elaboration
  4) HDL Synthesis
       4.1) HDL Synthesis Report
  5) Advanced HDL Synthesis
       5.1) Advanced HDL Synthesis Report
  6) Low Level Synthesis
  7) Partition Report
  8) Design Summary
       8.1) Primitive and Black Box Usage
       8.2) Device utilization summary
       8.3) Partition Resource Summary
       8.4) Timing Report
            8.4.1) Clock Information
            8.4.2) Asynchronous Control Signals Information
            8.4.3) Timing Summary
            8.4.4) Timing Details
            8.4.5) Cross Clock Domains Report


=========================================================================
*                      Synthesis Options Summary                        *
=========================================================================
---- Source Parameters
Input File Name                    : "kb_monitor.prj"
Ignore Synthesis Constraint File   : NO

---- Target Parameters
Output File Name                   : "kb_monitor"
Output Format                      : NGC
Target Device                      : xc6slx9-2-tqg144

---- Source Options
Top Module Name                    : kb_monitor
Automatic FSM Extraction           : YES
FSM Encoding Algorithm             : Auto
Safe Implementation                : No
FSM Style                          : LUT
RAM Extraction                     : Yes
RAM Style                          : Auto
ROM Extraction                     : Yes
Shift Register Extraction          : YES
ROM Style                          : Auto
Resource Sharing                   : YES
Asynchronous To Synchronous        : NO
Shift Register Minimum Size        : 2
Use DSP Block                      : Auto
Automatic Register Balancing       : No

---- Target Options
LUT Combining                      : Auto
Reduce Control Sets                : Auto
Add IO Buffers                     : YES
Global Maximum Fanout              : 100000
Add Generic Clock Buffer(BUFG)     : 16
Register Duplication               : YES
Optimize Instantiated Primitives   : NO
Use Clock Enable                   : Auto
Use Synchronous Set                : Auto
Use Synchronous Reset              : Auto
Pack IO Registers into IOBs        : Auto
Equivalent register Removal        : YES

---- General Options
Optimization Goal                  : Speed
Optimization Effort                : 1
Power Reduction                    : NO
Keep Hierarchy                     : No
Netlist Hierarchy                  : As_Optimized
RTL Output                         : Yes
Global Optimization                : AllClockNets
Read Cores                         : YES
Write Timing Constraints           : NO
Cross Clock Analysis               : NO
Hierarchy Separator                : /
Bus Delimiter                      : <>
Case Specifier                     : Maintain
Slice Utilization Ratio            : 100
BRAM Utilization Ratio             : 100
DSP48 Utilization Ratio            : 100
Auto BRAM Packing                  : NO
Slice Utilization Ratio Delta      : 5

=========================================================================


=========================================================================
*                          HDL Parsing                                  *
=========================================================================
Analyzing Verilog file "/home/ise/ISE_PROJECTS/PS2/list_ch04_13_disp_mux.v" into library work
Parsing module <disp_mux>.
Analyzing Verilog file "/home/ise/ISE_PROJECTS/PS2/hex_to_sseg.v" into library work
Parsing module <hex_to_sseg>.
Analyzing Verilog file "/home/ise/ISE_PROJECTS/PS2/ps2_rx.v" into library work
Parsing module <ps2_rx>.
Analyzing Verilog file "/home/ise/ISE_PROJECTS/PS2/LED_BUFFER.v" into library work
Parsing module <LED_BUFFER>.
Analyzing Verilog file "/home/ise/ISE_PROJECTS/PS2/kb_monitor.v" into library work
Parsing module <kb_monitor>.

=========================================================================
*                            HDL Elaboration                            *
=========================================================================

Elaborating module <kb_monitor>.

Elaborating module <ps2_rx>.
WARNING:HDLCompiler:413 - "/home/ise/ISE_PROJECTS/PS2/ps2_rx.v" Line 95: Result of 32-bit expression is truncated to fit in 4-bit target.

Elaborating module <LED_BUFFER>.

Elaborating module <disp_mux>.
WARNING:HDLCompiler:413 - "/home/ise/ISE_PROJECTS/PS2/list_ch04_13_disp_mux.v" Line 27: Result of 19-bit expression is truncated to fit in 18-bit target.

Elaborating module <hex_to_sseg>.

=========================================================================
*                           HDL Synthesis                               *
=========================================================================

Synthesizing Unit <kb_monitor>.
    Related source file is "/home/ise/ISE_PROJECTS/PS2/kb_monitor.v".
    Summary:
	no macro.
Unit <kb_monitor> synthesized.

Synthesizing Unit <ps2_rx>.
    Related source file is "/home/ise/ISE_PROJECTS/PS2/ps2_rx.v".
    Found 2-bit register for signal <state_reg>.
    Found 4-bit register for signal <n_reg>.
    Found 11-bit register for signal <b_reg>.
    Found 8-bit register for signal <filter_reg>.
    Found 1-bit register for signal <f_ps2c_reg>.
    Found finite state machine <FSM_0> for signal <state_reg>.
    -----------------------------------------------------------------------
    | States             | 3                                              |
    | Transitions        | 8                                              |
    | Inputs             | 3                                              |
    | Outputs            | 3                                              |
    | Clock              | clk (rising_edge)                              |
    | Reset              | reset (positive)                               |
    | Reset type         | asynchronous                                   |
    | Reset State        | 00                                             |
    | Encoding           | auto                                           |
    | Implementation     | LUT                                            |
    -----------------------------------------------------------------------
    Found 4-bit subtractor for signal <GND_2_o_GND_2_o_sub_12_OUT<3:0>> created at line 95.
    Summary:
	inferred   1 Adder/Subtractor(s).
	inferred  24 D-type flip-flop(s).
	inferred   3 Multiplexer(s).
	inferred   1 Finite State Machine(s).
Unit <ps2_rx> synthesized.

Synthesizing Unit <LED_BUFFER>.
    Related source file is "/home/ise/ISE_PROJECTS/PS2/LED_BUFFER.v".
    Found 16-bit register for signal <disp_data>.
    Summary:
	inferred  16 D-type flip-flop(s).
Unit <LED_BUFFER> synthesized.

Synthesizing Unit <disp_mux>.
    Related source file is "/home/ise/ISE_PROJECTS/PS2/list_ch04_13_disp_mux.v".
    Found 18-bit register for signal <q_reg>.
    Found 18-bit adder for signal <q_next> created at line 27.
    Found 4x4-bit Read Only RAM for signal <an>
    Found 8-bit 4-to-1 multiplexer for signal <sseg> created at line 32.
    Summary:
	inferred   1 RAM(s).
	inferred   1 Adder/Subtractor(s).
	inferred  18 D-type flip-flop(s).
	inferred   1 Multiplexer(s).
Unit <disp_mux> synthesized.

Synthesizing Unit <hex_to_sseg>.
    Related source file is "/home/ise/ISE_PROJECTS/PS2/hex_to_sseg.v".
    Found 16x7-bit Read Only RAM for signal <_n0026[0:6]>
    Summary:
	inferred   1 RAM(s).
Unit <hex_to_sseg> synthesized.

=========================================================================
HDL Synthesis Report

Macro Statistics
# RAMs                                                 : 5
 16x7-bit single-port Read Only RAM                    : 4
 4x4-bit single-port Read Only RAM                     : 1
# Adders/Subtractors                                   : 2
 18-bit adder                                          : 1
 4-bit subtractor                                      : 1
# Registers                                            : 6
 1-bit register                                        : 1
 11-bit register                                       : 1
 16-bit register                                       : 1
 18-bit register                                       : 1
 4-bit register                                        : 1
 8-bit register                                        : 1
# Multiplexers                                         : 4
 1-bit 2-to-1 multiplexer                              : 2
 4-bit 2-to-1 multiplexer                              : 1
 8-bit 4-to-1 multiplexer                              : 1
# FSMs                                                 : 1

=========================================================================

=========================================================================
*                       Advanced HDL Synthesis                          *
=========================================================================

WARNING:Xst:2677 - Node <b_reg_0> of sequential type is unconnected in block <ps2_rx_unit>.

Synthesizing (advanced) Unit <disp_mux>.
The following registers are absorbed into counter <q_reg>: 1 register on signal <q_reg>.
INFO:Xst:3218 - HDL ADVISOR - The RAM <Mram_an> will be implemented on LUTs either because you have described an asynchronous read or because of currently unsupported block RAM features. If you have described an asynchronous read, making it synchronous would allow you to take advantage of available block RAM resources, for optimized device usage and improved timings. Please refer to your documentation for coding guidelines.
    -----------------------------------------------------------------------
    | ram_type           | Distributed                         |          |
    -----------------------------------------------------------------------
    | Port A                                                              |
    |     aspect ratio   | 4-word x 4-bit                      |          |
    |     weA            | connected to signal <GND>           | high     |
    |     addrA          | connected to signal <q_reg>         |          |
    |     diA            | connected to signal <GND>           |          |
    |     doA            | connected to signal <an>            |          |
    -----------------------------------------------------------------------
Unit <disp_mux> synthesized (advanced).

Synthesizing (advanced) Unit <hex_to_sseg>.
INFO:Xst:3218 - HDL ADVISOR - The RAM <Mram__n0026[0:6]> will be implemented on LUTs either because you have described an asynchronous read or because of currently unsupported block RAM features. If you have described an asynchronous read, making it synchronous would allow you to take advantage of available block RAM resources, for optimized device usage and improved timings. Please refer to your documentation for coding guidelines.
    -----------------------------------------------------------------------
    | ram_type           | Distributed                         |          |
    -----------------------------------------------------------------------
    | Port A                                                              |
    |     aspect ratio   | 16-word x 7-bit                     |          |
    |     weA            | connected to signal <GND>           | high     |
    |     addrA          | connected to signal <hex>           |          |
    |     diA            | connected to signal <GND>           |          |
    |     doA            | connected to internal node          |          |
    -----------------------------------------------------------------------
Unit <hex_to_sseg> synthesized (advanced).

Synthesizing (advanced) Unit <ps2_rx>.
The following registers are absorbed into counter <n_reg>: 1 register on signal <n_reg>.
Unit <ps2_rx> synthesized (advanced).
WARNING:Xst:2677 - Node <b_reg_0> of sequential type is unconnected in block <ps2_rx>.

=========================================================================
Advanced HDL Synthesis Report

Macro Statistics
# RAMs                                                 : 5
 16x7-bit single-port distributed Read Only RAM        : 4
 4x4-bit single-port distributed Read Only RAM         : 1
# Counters                                             : 2
 18-bit up counter                                     : 1
 4-bit down counter                                    : 1
# Registers                                            : 35
 Flip-Flops                                            : 35
# Multiplexers                                         : 3
 1-bit 2-to-1 multiplexer                              : 2
 8-bit 4-to-1 multiplexer                              : 1
# FSMs                                                 : 1

=========================================================================

=========================================================================
*                         Low Level Synthesis                           *
=========================================================================
Analyzing FSM <MFsm> for best encoding.
Optimizing FSM <ps2_rx_unit/FSM_0> on signal <state_reg[1:2]> with gray encoding.
-------------------
 State | Encoding
-------------------
 00    | 00
 01    | 01
 10    | 11
-------------------

Optimizing unit <kb_monitor> ...

Optimizing unit <ps2_rx> ...

Optimizing unit <LED_BUFFER> ...

Mapping all equations...
Building and optimizing final netlist ...
Found area constraint ratio of 100 (+ 5) on block kb_monitor, actual ratio is 1.
FlipFlop ps2_rx_unit/state_reg_FSM_FFd1 has been replicated 1 time(s)

Final Macro Processing ...

=========================================================================
Final Register Report

Macro Statistics
# Registers                                            : 60
 Flip-Flops                                            : 60

=========================================================================

=========================================================================
*                           Partition Report                            *
=========================================================================

Partition Implementation Status
-------------------------------

  No Partitions were found in this design.

-------------------------------

=========================================================================
*                            Design Summary                             *
=========================================================================

Top Level Output File Name         : kb_monitor.ngc

Primitive and Black Box Usage:
------------------------------
# BELS                             : 133
#      GND                         : 1
#      INV                         : 2
#      LUT1                        : 17
#      LUT2                        : 6
#      LUT3                        : 1
#      LUT4                        : 15
#      LUT5                        : 11
#      LUT6                        : 37
#      MUXCY                       : 17
#      MUXF7                       : 7
#      VCC                         : 1
#      XORCY                       : 18
# FlipFlops/Latches                : 60
#      FDC                         : 40
#      FDCE                        : 20
# Clock Buffers                    : 1
#      BUFGP                       : 1
# IO Buffers                       : 15
#      IBUF                        : 3
#      OBUF                        : 12

Device utilization summary:
---------------------------

Selected Device : 6slx9tqg144-2 


Slice Logic Utilization: 
 Number of Slice Registers:              60  out of  11440     0%  
 Number of Slice LUTs:                   89  out of   5720     1%  
    Number used as Logic:                89  out of   5720     1%  

Slice Logic Distribution: 
 Number of LUT Flip Flop pairs used:    109
   Number with an unused Flip Flop:      49  out of    109    44%  
   Number with an unused LUT:            20  out of    109    18%  
   Number of fully used LUT-FF pairs:    40  out of    109    36%  
   Number of unique control sets:         3

IO Utilization: 
 Number of IOs:                          16
 Number of bonded IOBs:                  16  out of    102    15%  

Specific Feature Utilization:
 Number of BUFG/BUFGCTRLs:                1  out of     16     6%  

---------------------------
Partition Resource Summary:
---------------------------

  No Partitions were found in this design.

---------------------------


=========================================================================
Timing Report

NOTE: THESE TIMING NUMBERS ARE ONLY A SYNTHESIS ESTIMATE.
      FOR ACCURATE TIMING INFORMATION PLEASE REFER TO THE TRACE REPORT
      GENERATED AFTER PLACE-and-ROUTE.

Clock Information:
------------------
-----------------------------------+------------------------+-------+
Clock Signal                       | Clock buffer(FF name)  | Load  |
-----------------------------------+------------------------+-------+
clk                                | BUFGP                  | 60    |
-----------------------------------+------------------------+-------+

Asynchronous Control Signals Information:
----------------------------------------
No asynchronous control signals found in this design

Timing Summary:
---------------
Speed Grade: -2

   Minimum period: 3.435ns (Maximum Frequency: 291.121MHz)
   Minimum input arrival time before clock: 3.808ns
   Maximum output required time after clock: 6.691ns
   Maximum combinational path delay: No path found

Timing Details:
---------------
All values displayed in nanoseconds (ns)

=========================================================================
Timing constraint: Default period analysis for Clock 'clk'
  Clock period: 3.435ns (frequency: 291.121MHz)
  Total number of paths / destination ports: 459 / 79
-------------------------------------------------------------------------
Delay:               3.435ns (Levels of Logic = 2)
  Source:            ps2_rx_unit/filter_reg_6 (FF)
  Destination:       ps2_rx_unit/state_reg_FSM_FFd1 (FF)
  Source Clock:      clk rising
  Destination Clock: clk rising

  Data Path: ps2_rx_unit/filter_reg_6 to ps2_rx_unit/state_reg_FSM_FFd1
                                Gate     Net
    Cell:in->out      fanout   Delay   Delay  Logical Name (Net Name)
    ----------------------------------------  ------------
     FDC:C->Q              3   0.525   1.042  ps2_rx_unit/filter_reg_6 (ps2_rx_unit/filter_reg_6)
     LUT4:I0->O           16   0.254   1.290  ps2_rx_unit/state_reg_FSM_FFd1-In1_SW0 (N6)
     LUT6:I4->O            2   0.250   0.000  ps2_rx_unit/state_reg_FSM_FFd1-In (ps2_rx_unit/state_reg_FSM_FFd1-In)
     FDC:D                     0.074          ps2_rx_unit/state_reg_FSM_FFd1
    ----------------------------------------
    Total                      3.435ns (1.103ns logic, 2.332ns route)
                                       (32.1% logic, 67.9% route)

=========================================================================
Timing constraint: Default OFFSET IN BEFORE for Clock 'clk'
  Total number of paths / destination ports: 62 / 62
-------------------------------------------------------------------------
Offset:              3.808ns (Levels of Logic = 3)
  Source:            ps2d (PAD)
  Destination:       ps2_rx_unit/b_reg_10 (FF)
  Destination Clock: clk rising

  Data Path: ps2d to ps2_rx_unit/b_reg_10
                                Gate     Net
    Cell:in->out      fanout   Delay   Delay  Logical Name (Net Name)
    ----------------------------------------  ------------
     IBUF:I->O             1   1.328   1.112  ps2d_IBUF (ps2d_IBUF)
     LUT5:I0->O            1   0.254   0.790  ps2_rx_unit/state_reg_FSM_FFd1-In1_SW3 (N12)
     LUT6:I4->O            1   0.250   0.000  ps2_rx_unit/b_reg_10_rstpot (ps2_rx_unit/b_reg_10_rstpot)
     FDC:D                     0.074          ps2_rx_unit/b_reg_10
    ----------------------------------------
    Total                      3.808ns (1.906ns logic, 1.902ns route)
                                       (50.1% logic, 49.9% route)

=========================================================================
Timing constraint: Default OFFSET OUT AFTER for Clock 'clk'
  Total number of paths / destination ports: 141 / 11
-------------------------------------------------------------------------
Offset:              6.691ns (Levels of Logic = 4)
  Source:            led_buffer/disp_data_0 (FF)
  Destination:       sseg<6> (PAD)
  Source Clock:      clk rising

  Data Path: led_buffer/disp_data_0 to sseg<6>
                                Gate     Net
    Cell:in->out      fanout   Delay   Delay  Logical Name (Net Name)
    ----------------------------------------  ------------
     FDCE:C->Q             8   0.525   1.220  led_buffer/disp_data_0 (led_buffer/disp_data_0)
     LUT4:I0->O            1   0.254   0.682  led_buffer/disp/Mmux_sseg74 (led_buffer/disp/Mmux_sseg73)
     LUT6:I5->O            1   0.254   0.000  led_buffer/disp/Mmux_sseg75_F (N42)
     MUXF7:I0->O           1   0.163   0.681  led_buffer/disp/Mmux_sseg75 (sseg_6_OBUF)
     OBUF:I->O                 2.912          sseg_6_OBUF (sseg<6>)
    ----------------------------------------
    Total                      6.691ns (4.108ns logic, 2.583ns route)
                                       (61.4% logic, 38.6% route)

=========================================================================

Cross Clock Domains Report:
--------------------------

Clock to Setup on destination clock clk
---------------+---------+---------+---------+---------+
               | Src:Rise| Src:Fall| Src:Rise| Src:Fall|
Source Clock   |Dest:Rise|Dest:Rise|Dest:Fall|Dest:Fall|
---------------+---------+---------+---------+---------+
clk            |    3.435|         |         |         |
---------------+---------+---------+---------+---------+

=========================================================================


Total REAL time to Xst completion: 12.00 secs
Total CPU time to Xst completion: 11.58 secs
 
--> 


Total memory usage is 384240 kilobytes

Number of errors   :    0 (   0 filtered)
Number of warnings :    4 (   0 filtered)
Number of infos    :    2 (   0 filtered)

